\BOOKMARK [0][-]{chapter.1}{An Agency-Directed Approach to Test Generation for Simulation-based Autonomous Vehicle Verification}{}% 1
\BOOKMARK [1][-]{section.1.1}{Introduction}{chapter.1}% 2
\BOOKMARK [1][-]{section.1.2}{Terminology and Testbench Architecture}{chapter.1}% 3
\BOOKMARK [1][-]{section.1.3}{Background}{chapter.1}% 4
\BOOKMARK [2][-]{subsection.1.3.1}{Related Work}{section.1.3}% 5
\BOOKMARK [2][-]{subsection.1.3.2}{Multi-Agent Systems}{section.1.3}% 6
\BOOKMARK [1][-]{section.1.4}{Case Study}{chapter.1}% 7
\BOOKMARK [2][-]{subsection.1.4.1}{Test Environment}{section.1.4}% 8
\BOOKMARK [2][-]{subsection.1.4.2}{Test Agents}{section.1.4}% 9
\BOOKMARK [2][-]{subsection.1.4.3}{Scoring}{section.1.4}% 10
\BOOKMARK [2][-]{subsection.1.4.4}{Simulation and Logging}{section.1.4}% 11
\BOOKMARK [1][-]{section.1.5}{Results}{chapter.1}% 12
\BOOKMARK [2][-]{subsection.1.5.1}{Test Accuracy}{section.1.5}% 13
\BOOKMARK [2][-]{subsection.1.5.2}{Test Score}{section.1.5}% 14
\BOOKMARK [2][-]{subsection.1.5.3}{Combined Score}{section.1.5}% 15
\BOOKMARK [2][-]{subsection.1.5.4}{Agent CPU Time}{section.1.5}% 16
\BOOKMARK [2][-]{subsection.1.5.5}{Test Generation Time}{section.1.5}% 17
\BOOKMARK [1][-]{section.1.6}{Evaluation}{chapter.1}% 18
\BOOKMARK [1][-]{section.1.7}{Conclusion and Future Work}{chapter.1}% 19
\BOOKMARK [1][-]{section.1.8}{Acknowledgement}{chapter.1}% 20
